mode: set
user-service/interface/controller/grpc.go:15.73,17.2 1 1
user-service/interface/controller/grpc.go:20.101,31.16 4 1
user-service/interface/controller/grpc.go:34.2,35.17 2 1
user-service/interface/controller/grpc.go:31.16,33.3 1 1
user-service/interface/controller/grpc.go:38.108,41.2 2 1
user-service/usecases/interactor/user_interactor.go:24.75,26.2 1 1
user-service/usecases/interactor/user_interactor.go:28.80,30.16 2 1
user-service/usecases/interactor/user_interactor.go:33.2,35.8 3 1
user-service/usecases/interactor/user_interactor.go:30.16,32.3 1 0
user-service/usecases/interactor/user_interactor.go:38.84,41.2 2 1
user-service/usecases/interactor/user_interactor.go:43.73,46.2 2 1
user-service/usecases/interactor/user_interactor.go:48.72,51.2 2 1
user-service/usecases/interactor/user_interactor.go:53.58,56.2 2 1
user-service/usecases/interactor/user_interactor.go:58.90,61.2 2 1
user-service/interface/repository/user_repository.go:18.62,20.2 1 1
user-service/interface/repository/user_repository.go:22.80,40.2 5 1
user-service/interface/repository/user_repository.go:42.84,64.2 12 1
user-service/interface/repository/user_repository.go:66.73,72.16 6 1
user-service/interface/repository/user_repository.go:75.2,75.18 1 1
user-service/interface/repository/user_repository.go:92.2,92.8 1 1
user-service/interface/repository/user_repository.go:72.16,74.3 1 0
user-service/interface/repository/user_repository.go:75.18,87.17 3 1
user-service/interface/repository/user_repository.go:90.3,90.33 1 1
user-service/interface/repository/user_repository.go:87.17,89.4 1 0
user-service/interface/repository/user_repository.go:95.58,103.2 5 1
user-service/interface/repository/user_repository.go:105.72,128.2 5 1
user-service/interface/repository/user_repository.go:130.90,148.2 8 1
