mode: set
user-service/usecases/interactor/user_interactor.go:23.76,25.2 1 1
user-service/usecases/interactor/user_interactor.go:27.75,31.16 4 1
user-service/usecases/interactor/user_interactor.go:34.2,34.16 1 1
user-service/usecases/interactor/user_interactor.go:31.16,33.3 1 1
user-service/usecases/interactor/user_interactor.go:37.77,40.2 2 1
user-service/usecases/interactor/user_interactor.go:42.73,45.2 2 1
user-service/usecases/interactor/user_interactor.go:47.72,50.2 2 1
user-service/usecases/interactor/user_interactor.go:52.60,55.2 2 1
user-service/usecases/interactor/user_interactor.go:57.90,60.2 2 1
user-service/interface/controller/grpc.go:21.61,23.2 1 1
user-service/interface/controller/grpc.go:26.101,37.16 4 1
user-service/interface/controller/grpc.go:40.2,41.17 2 1
user-service/interface/controller/grpc.go:37.16,39.3 1 1
user-service/interface/controller/grpc.go:44.99,46.16 2 1
user-service/interface/controller/grpc.go:49.2,60.21 2 1
user-service/interface/controller/grpc.go:46.16,48.3 1 1
user-service/interface/controller/grpc.go:63.102,65.16 2 1
user-service/interface/controller/grpc.go:68.2,68.25 1 1
user-service/interface/controller/grpc.go:82.2,82.12 1 1
user-service/interface/controller/grpc.go:65.16,67.3 1 1
user-service/interface/controller/grpc.go:68.25,81.3 2 1
user-service/interface/controller/grpc.go:85.106,97.16 4 1
user-service/interface/controller/grpc.go:100.2,100.30 1 1
user-service/interface/controller/grpc.go:97.16,99.3 1 1
user-service/interface/controller/grpc.go:103.100,105.16 2 1
user-service/interface/controller/grpc.go:108.2,108.30 1 1
user-service/interface/controller/grpc.go:105.16,107.3 1 1
user-service/interface/repository/user_repository.go:14.52,16.2 1 1
user-service/interface/repository/user_repository.go:18.82,36.2 5 1
user-service/interface/repository/user_repository.go:38.68,54.16 7 1
user-service/interface/repository/user_repository.go:57.2,57.21 1 1
user-service/interface/repository/user_repository.go:54.16,56.3 1 1
user-service/interface/repository/user_repository.go:60.73,66.16 6 1
user-service/interface/repository/user_repository.go:69.2,69.18 1 1
user-service/interface/repository/user_repository.go:86.2,86.8 1 1
user-service/interface/repository/user_repository.go:66.16,68.3 1 0
user-service/interface/repository/user_repository.go:69.18,81.17 3 1
user-service/interface/repository/user_repository.go:84.3,84.33 1 1
user-service/interface/repository/user_repository.go:81.17,83.4 1 0
user-service/interface/repository/user_repository.go:89.60,97.2 5 1
user-service/interface/repository/user_repository.go:99.72,122.2 5 1
user-service/interface/repository/user_repository.go:124.90,142.2 8 1
